<?xml version="1.0" encoding="UTF-8"?>
<!-- Generated by org.testng.reporters.JUnitReportReporter -->
<testsuite hostname="Nik" failures="0" tests="1" name="com.simplilearn.bddtest.GetCall" time="7.429" errors="0" timestamp="2024-01-22T17:28:08 IST" skipped="0">
  <testcase classname="com.simplilearn.bddtest.GetCall" name="getRequestTest" time="7.429"/>
</testsuite> <!-- com.simplilearn.bddtest.GetCall -->
