<?xml version="1.0" encoding="UTF-8"?>
<!-- Generated by org.testng.reporters.JUnitReportReporter -->
<testsuite hostname="Nik" failures="0" tests="1" name="com.simplilearn.bddtest.PostCall" time="8.253" errors="0" timestamp="2024-01-22T17:34:31 IST" skipped="0">
  <testcase classname="com.simplilearn.bddtest.PostCall" name="postRequestTest" time="8.253"/>
</testsuite> <!-- com.simplilearn.bddtest.PostCall -->
