<?xml version="1.0" encoding="UTF-8"?>
<!-- Generated by org.testng.reporters.JUnitReportReporter -->
<testsuite hostname="Nik" failures="0" tests="1" name="com.simplilearn.bddtest.DeleteCall" time="4.513" errors="0" timestamp="2024-01-22T17:34:55 IST" skipped="0">
  <testcase classname="com.simplilearn.bddtest.DeleteCall" name="putRequestTest" time="4.513"/>
</testsuite> <!-- com.simplilearn.bddtest.DeleteCall -->
