<?xml version="1.0" encoding="UTF-8"?>
<!-- Generated by org.testng.reporters.JUnitReportReporter -->
<testsuite hostname="Nik" failures="0" tests="1" name="com.simplilearn.restassured001.PostCall" time="4.996" errors="0" timestamp="2024-01-23T11:22:40 IST" skipped="0">
  <testcase classname="com.simplilearn.restassured001.PostCall" name="postRequestTest" time="4.996"/>
</testsuite> <!-- com.simplilearn.restassured001.PostCall -->
