<?xml version="1.0" encoding="UTF-8"?>
<!-- Generated by org.testng.reporters.JUnitReportReporter -->
<testsuite hostname="Nik" failures="0" tests="1" name="com.simplilearn.restassured001.DeleteCall" time="1.240" errors="0" timestamp="2024-01-23T11:22:40 IST" skipped="0">
  <testcase classname="com.simplilearn.restassured001.DeleteCall" name="putRequestTest" time="1.240"/>
</testsuite> <!-- com.simplilearn.restassured001.DeleteCall -->
