<?xml version="1.0" encoding="UTF-8"?>
<!-- Generated by org.testng.reporters.JUnitReportReporter -->
<testsuite hostname="Nik" failures="0" tests="1" name="com.simplilearn.restassured002.PutCall" time="2.498" errors="0" timestamp="2024-01-23T11:22:40 IST" skipped="0">
  <testcase classname="com.simplilearn.restassured002.PutCall" name="putRequestTest" time="2.498"/>
</testsuite> <!-- com.simplilearn.restassured002.PutCall -->
