<?xml version="1.0" encoding="UTF-8"?>
<!-- Generated by org.testng.reporters.JUnitReportReporter -->
<testsuite hostname="Nik" failures="0" tests="1" name="com.simplilearn.restassured001.GetCall" time="2.494" errors="0" timestamp="2024-01-23T11:22:40 IST" skipped="0">
  <testcase classname="com.simplilearn.restassured001.GetCall" name="getRequestTest" time="2.494"/>
</testsuite> <!-- com.simplilearn.restassured001.GetCall -->
